<?xml version="1.0" encoding="UTF-8"?>
<!-- Generated by org.testng.reporters.JUnitXMLReporter -->
<testsuite ignored="0" hostname="DML-Mnagle" failures="0" tests="5" name="Default test" time="25.046" errors="0" timestamp="26 Jul 2022 05:48:34 GMT">
  <testcase classname="webChceckIn.Demo_II" name="t1" time="0.194"/>
  <testcase classname="webChceckIn.Demo_II" name="t2" time="0.208"/>
  <testcase classname="webChceckIn.Demo_II" name="t3" time="0.227"/>
  <testcase classname="webChceckIn.Demo_II" name="t4" time="0.207"/>
  <testcase classname="webChceckIn.Demo_II" name="t5" time="0.115"/>
</testsuite> <!-- Default test -->
