<?xml version="1.0" encoding="UTF-8"?>
<!-- Generated by org.testng.reporters.JUnitXMLReporter -->
<testsuite ignored="8" hostname="DML-Mnagle" failures="0" tests="4" name="Test" time="0.033" errors="0" timestamp="25 Jun 2022 09:21:05 GMT">
  <testcase classname="bookFlight.BookFlight_OneWay" name="bookFlight_OneWay_TC01" time="0.007"/>
  <testcase classname="bookFlight.BookFlight_OneWay" name="bookFlight_OneWay_TC03" time="0.002"/>
  <testcase classname="bookFlight.BookFlight_RoundTrip" name="bookFlight_RoundTrip_TC03" time="0.001"/>
  <testcase classname="webChceckIn.WebCheckIn_PC" name="bookFlight_WebCheckIN_TC02" time="0.001"/>
  <testcase classname="webChceckIn.WebCheckIn_PC" name="bookFlight_WebCheckIN_TC03" time="0.0">
    <ignored/>
  </testcase> <!-- bookFlight_WebCheckIN_TC03 -->
  <testcase classname="webChceckIn.WebCheckIn_PC" name="bookFlight_WebCheckIN_TC01" time="0.0">
    <ignored/>
  </testcase> <!-- bookFlight_WebCheckIN_TC01 -->
  <testcase classname="bookFlight.BookFlight_OneWay" name="bookFlight_OneWay_TC02" time="0.0">
    <ignored/>
  </testcase> <!-- bookFlight_OneWay_TC02 -->
  <testcase classname="webChceckIn.WebCheckIN_Mobile" name="bookFlight_WebCheckIN_TC02" time="0.0">
    <ignored/>
  </testcase> <!-- bookFlight_WebCheckIN_TC02 -->
  <testcase classname="bookFlight.BookFlight_RoundTrip" name="bookFlight_RoundTrip_TC02" time="0.0">
    <ignored/>
  </testcase> <!-- bookFlight_RoundTrip_TC02 -->
  <testcase classname="webChceckIn.WebCheckIN_Mobile" name="bookFlight_WebCheckIN_TC01" time="0.0">
    <ignored/>
  </testcase> <!-- bookFlight_WebCheckIN_TC01 -->
  <testcase classname="bookFlight.BookFlight_RoundTrip" name="bookFlight_RoundTrip_TC01" time="0.0">
    <ignored/>
  </testcase> <!-- bookFlight_RoundTrip_TC01 -->
  <testcase classname="webChceckIn.WebCheckIN_Mobile" name="bookFlight_WebCheckIN_TC03" time="0.0">
    <ignored/>
  </testcase> <!-- bookFlight_WebCheckIN_TC03 -->
</testsuite> <!-- Test -->
