<?xml version="1.0" encoding="UTF-8"?>
<testng-results ignored="0" total="5" passed="5" failed="0" skipped="0">
  <reporter-output>
  </reporter-output>
  <suite started-at="2022-07-26T05:48:09Z" name="Default suite" finished-at="2022-07-26T05:48:34Z" duration-ms="25046">
    <groups>
    </groups>
    <test started-at="2022-07-26T05:48:09Z" name="Default test" finished-at="2022-07-26T05:48:34Z" duration-ms="25046">
      <class name="webChceckIn.Demo_II">
        <test-method is-config="true" signature="init()[pri:0, instance:webChceckIn.Demo_II@41294f8]" started-at="2022-07-26T05:48:09Z" name="init" finished-at="2022-07-26T05:48:13Z" duration-ms="4804" status="PASS">
          <reporter-output>
          </reporter-output>
        </test-method> <!-- init -->
        <test-method signature="t1()[pri:0, instance:webChceckIn.Demo_II@41294f8]" started-at="2022-07-26T05:48:13Z" name="t1" finished-at="2022-07-26T05:48:14Z" duration-ms="194" status="PASS">
          <reporter-output>
          </reporter-output>
        </test-method> <!-- t1 -->
        <test-method is-config="true" signature="tearDown()[pri:0, instance:webChceckIn.Demo_II@41294f8]" started-at="2022-07-26T05:48:14Z" name="tearDown" finished-at="2022-07-26T05:48:15Z" duration-ms="1191" status="PASS">
          <reporter-output>
          </reporter-output>
        </test-method> <!-- tearDown -->
        <test-method is-config="true" signature="init()[pri:0, instance:webChceckIn.Demo_II@41294f8]" started-at="2022-07-26T05:48:15Z" name="init" finished-at="2022-07-26T05:48:18Z" duration-ms="2997" status="PASS">
          <reporter-output>
          </reporter-output>
        </test-method> <!-- init -->
        <test-method signature="t2()[pri:0, instance:webChceckIn.Demo_II@41294f8]" started-at="2022-07-26T05:48:18Z" name="t2" finished-at="2022-07-26T05:48:18Z" duration-ms="208" status="PASS">
          <reporter-output>
          </reporter-output>
        </test-method> <!-- t2 -->
        <test-method is-config="true" signature="tearDown()[pri:0, instance:webChceckIn.Demo_II@41294f8]" started-at="2022-07-26T05:48:18Z" name="tearDown" finished-at="2022-07-26T05:48:21Z" duration-ms="2910" status="PASS">
          <reporter-output>
          </reporter-output>
        </test-method> <!-- tearDown -->
        <test-method is-config="true" signature="init()[pri:0, instance:webChceckIn.Demo_II@41294f8]" started-at="2022-07-26T05:48:21Z" name="init" finished-at="2022-07-26T05:48:24Z" duration-ms="2834" status="PASS">
          <reporter-output>
          </reporter-output>
        </test-method> <!-- init -->
        <test-method signature="t3()[pri:0, instance:webChceckIn.Demo_II@41294f8]" started-at="2022-07-26T05:48:24Z" name="t3" finished-at="2022-07-26T05:48:24Z" duration-ms="227" status="PASS">
          <reporter-output>
          </reporter-output>
        </test-method> <!-- t3 -->
        <test-method is-config="true" signature="tearDown()[pri:0, instance:webChceckIn.Demo_II@41294f8]" started-at="2022-07-26T05:48:24Z" name="tearDown" finished-at="2022-07-26T05:48:25Z" duration-ms="1073" status="PASS">
          <reporter-output>
          </reporter-output>
        </test-method> <!-- tearDown -->
        <test-method is-config="true" signature="init()[pri:0, instance:webChceckIn.Demo_II@41294f8]" started-at="2022-07-26T05:48:25Z" name="init" finished-at="2022-07-26T05:48:28Z" duration-ms="3020" status="PASS">
          <reporter-output>
          </reporter-output>
        </test-method> <!-- init -->
        <test-method signature="t4()[pri:0, instance:webChceckIn.Demo_II@41294f8]" started-at="2022-07-26T05:48:28Z" name="t4" finished-at="2022-07-26T05:48:28Z" duration-ms="207" status="PASS">
          <reporter-output>
          </reporter-output>
        </test-method> <!-- t4 -->
        <test-method is-config="true" signature="tearDown()[pri:0, instance:webChceckIn.Demo_II@41294f8]" started-at="2022-07-26T05:48:28Z" name="tearDown" finished-at="2022-07-26T05:48:29Z" duration-ms="1093" status="PASS">
          <reporter-output>
          </reporter-output>
        </test-method> <!-- tearDown -->
        <test-method is-config="true" signature="init()[pri:0, instance:webChceckIn.Demo_II@41294f8]" started-at="2022-07-26T05:48:29Z" name="init" finished-at="2022-07-26T05:48:32Z" duration-ms="2994" status="PASS">
          <reporter-output>
          </reporter-output>
        </test-method> <!-- init -->
        <test-method signature="t5()[pri:0, instance:webChceckIn.Demo_II@41294f8]" started-at="2022-07-26T05:48:32Z" name="t5" finished-at="2022-07-26T05:48:32Z" duration-ms="115" status="PASS">
          <reporter-output>
          </reporter-output>
        </test-method> <!-- t5 -->
        <test-method is-config="true" signature="tearDown()[pri:0, instance:webChceckIn.Demo_II@41294f8]" started-at="2022-07-26T05:48:32Z" name="tearDown" finished-at="2022-07-26T05:48:34Z" duration-ms="1118" status="PASS">
          <reporter-output>
          </reporter-output>
        </test-method> <!-- tearDown -->
      </class> <!-- webChceckIn.Demo_II -->
    </test> <!-- Default test -->
  </suite> <!-- Default suite -->
</testng-results>
